#
# A fatal error has been detected by the Java Runtime Environment:
#
#  EXCEPTION_ACCESS_VIOLATION (0xc0000005) at pc=0x000000006998e49e, pid=7148, tid=0x0000000000001f2c
#
# JRE version: Java(TM) SE Runtime Environment (8.0_221-b11) (build 1.8.0_221-b11)
# Java VM: Java HotSpot(TM) 64-Bit Server VM (25.221-b11 mixed mode windows-amd64 compressed oops)
# Problematic frame:
# V  [jvm.dll+0x48e49e]
#
# Failed to write core dump. Minidumps are not enabled by default on client versions of Windows
#
# If you would like to submit a bug report, please visit:
#   http://bugreport.java.com/bugreport/crash.jsp
#

---------------  T H R E A D  ---------------

Current thread (0x0000000014de8000):  JavaThread "C2 CompilerThread1" daemon [_thread_in_native, id=7980, stack(0x0000000016530000,0x0000000016630000)]

siginfo: ExceptionCode=0xc0000005, reading address 0x000000001e23a614

Registers:
RAX=0x0000000000000000, RBX=0x000000001d9b8158, RCX=0x000000001662e6f0, RDX=0x0000000000000000
RSP=0x000000001662bfa0, RBP=0x000000001662c039, RSI=0x000000000000000d, RDI=0x000000001662c2b0
R8 =0x000000000000000d, R9 =0x000000001ac77280, R10=0x0000000000000000, R11=0x000000001d817300
R12=0x000000001d9b7e60, R13=0x00000000000011d5, R14=0x000000001daaad40, R15=0x000000001daab0d0
RIP=0x000000006998e49e, EFLAGS=0x0000000000010246

Top of Stack: (sp=0x000000001662bfa0)
0x000000001662bfa0:   0000000000000200 000000001662c039
0x000000001662bfb0:   0000000017f7e670 000000001b949360
0x000000001662bfc0:   0000000000000001 0000000014d96740
0x000000001662bfd0:   0000000000000400 000000001d815300
0x000000001662bfe0:   0000000000000259 0000000000000000
0x000000001662bff0:   0000000014d96740 0000000000000400
0x000000001662c000:   000000001d813300 0000000000000259
0x000000001662c010:   0000000014d96740 0000000000000080
0x000000001662c020:   000000001d812f00 000000000000006c
0x000000001662c030:   0000000014d96740 0000000000000004
0x000000001662c040:   0000000016ea6d80 0000000000000000
0x000000001662c050:   000000000000000d 00000000000011d5
0x000000001662c060:   0000000069b8d8c0 000000001b94a248
0x000000001662c070:   000000001b94a248 000000001662c2b0
0x000000001662c080:   000000001b94a1b0 000000001daaad40
0x000000001662c090:   000000001daab0d0 000000006998f5a4 

Instructions: (pc=0x000000006998e49e)
0x000000006998e47e:   24 03 3c 02 75 42 49 8b 04 24 49 8b cc ff 90 48
0x000000006998e48e:   01 00 00 83 fe 03 0f 84 81 00 00 00 83 f8 29 75
0x000000006998e49e:   0f 49 83 bc 24 88 00 00 00 00 0f 84 f4 01 00 00
0x000000006998e4ae:   49 8b 04 24 49 8b cc ff 90 48 01 00 00 3d d9 00 


Register to memory mapping:

RAX=0x0000000000000000 is an unknown value
RBX=0x000000001d9b8158 is an unknown value
RCX=0x000000001662e6f0 is pointing into the stack for thread: 0x0000000014de8000
RDX=0x0000000000000000 is an unknown value
RSP=0x000000001662bfa0 is pointing into the stack for thread: 0x0000000014de8000
RBP=0x000000001662c039 is pointing into the stack for thread: 0x0000000014de8000
RSI=0x000000000000000d is an unknown value
RDI=0x000000001662c2b0 is pointing into the stack for thread: 0x0000000014de8000
R8 =0x000000000000000d is an unknown value
R9 =0x000000001ac77280 is an unknown value
R10=0x0000000000000000 is an unknown value
R11=0x000000001d817300 is an unknown value
R12=0x000000001d9b7e60 is an unknown value
R13=0x00000000000011d5 is an unknown value
R14=0x000000001daaad40 is an unknown value
R15=0x000000001daab0d0 is an unknown value


Stack: [0x0000000016530000,0x0000000016630000],  sp=0x000000001662bfa0,  free space=1007k
Native frames: (J=compiled Java code, j=interpreted, Vv=VM code, C=native code)
V  [jvm.dll+0x48e49e]
V  [jvm.dll+0x48f5a4]
V  [jvm.dll+0x48fb09]
V  [jvm.dll+0x49088a]
V  [jvm.dll+0x477d6c]
V  [jvm.dll+0x47a757]
V  [jvm.dll+0x45cfd2]
V  [jvm.dll+0xa6a62]
V  [jvm.dll+0xa73af]
V  [jvm.dll+0x24666f]
V  [jvm.dll+0x29fb8a]
C  [msvcr100.dll+0x21d9f]
C  [msvcr100.dll+0x21e3b]
C  [KERNEL32.DLL+0x17bd4]
C  [ntdll.dll+0x6cee1]


Current CompileTask:
C2:  28359 4998       4       org.springframework.asm.Frame::execute (2305 bytes)


---------------  P R O C E S S  ---------------

Java Threads: ( => current thread )
  0x000000001c0c4800 JavaThread "HikariPool-1 housekeeper" daemon [_thread_blocked, id=6564, stack(0x000000001e730000,0x000000001e830000)]
  0x0000000017016800 JavaThread "container-0" [_thread_blocked, id=4172, stack(0x000000001a470000,0x000000001a570000)]
  0x000000001b41c800 JavaThread "Catalina-utility-2" [_thread_blocked, id=6548, stack(0x000000001e330000,0x000000001e430000)]
  0x000000001d642800 JavaThread "Catalina-utility-1" [_thread_blocked, id=2812, stack(0x0000000018660000,0x0000000018760000)]
  0x0000000016779000 JavaThread "Service Thread" daemon [_thread_blocked, id=1772, stack(0x0000000016b30000,0x0000000016c30000)]
  0x0000000014deb800 JavaThread "C1 CompilerThread2" daemon [_thread_blocked, id=7572, stack(0x0000000016630000,0x0000000016730000)]
=>0x0000000014de8000 JavaThread "C2 CompilerThread1" daemon [_thread_in_native, id=7980, stack(0x0000000016530000,0x0000000016630000)]
  0x0000000014de2800 JavaThread "C2 CompilerThread0" daemon [_thread_in_native, id=3840, stack(0x0000000016430000,0x0000000016530000)]
  0x0000000014ddf000 JavaThread "Attach Listener" daemon [_thread_blocked, id=3088, stack(0x0000000016330000,0x0000000016430000)]
  0x0000000014ddc000 JavaThread "Signal Dispatcher" daemon [_thread_blocked, id=7624, stack(0x0000000016230000,0x0000000016330000)]
  0x0000000014dbd800 JavaThread "Finalizer" daemon [_thread_blocked, id=4572, stack(0x0000000016020000,0x0000000016120000)]
  0x0000000002c07000 JavaThread "Reference Handler" daemon [_thread_blocked, id=5572, stack(0x0000000015f20000,0x0000000016020000)]
  0x0000000002b17000 JavaThread "main" [_thread_in_native, id=4164, stack(0x0000000002a10000,0x0000000002b10000)]

Other Threads:
  0x0000000014d97800 VMThread [stack: 0x0000000015e20000,0x0000000015f20000] [id=8060]
  0x0000000014e2d800 WatcherThread [stack: 0x0000000016c30000,0x0000000016d30000] [id=4712]

VM state:not at safepoint (normal execution)

VM Mutex/Monitor currently owned by a thread: None

heap address: 0x00000000c8a00000, size: 886 MB, Compressed Oops mode: 32-bit
Narrow klass base: 0x0000000000000000, Narrow klass shift: 3
Compressed class space size: 1073741824 Address: 0x0000000100000000

Heap:
 PSYoungGen      total 159744K, used 113479K [0x00000000ed900000, 0x00000000fb580000, 0x0000000100000000)
  eden space 148992K, 68% used [0x00000000ed900000,0x00000000f3d59758,0x00000000f6a80000)
  from space 10752K, 99% used [0x00000000f6a80000,0x00000000f74f86b8,0x00000000f7500000)
  to   space 14336K, 0% used [0x00000000fa780000,0x00000000fa780000,0x00000000fb580000)
 ParOldGen       total 45568K, used 20680K [0x00000000c8a00000, 0x00000000cb680000, 0x00000000ed900000)
  object space 45568K, 45% used [0x00000000c8a00000,0x00000000c9e320e8,0x00000000cb680000)
 Metaspace       used 55972K, capacity 58392K, committed 58544K, reserved 1099776K
  class space    used 7628K, capacity 8052K, committed 8112K, reserved 1048576K

Card table byte_map: [0x0000000011fd0000,0x0000000012190000] byte_map_base: 0x000000001198b000

Marking Bits: (ParMarkBitMap*) 0x0000000069d25ce0
 Begin Bits: [0x00000000126c0000, 0x0000000013498000)
 End Bits:   [0x0000000013498000, 0x0000000014270000)

Polling page: 0x0000000000c20000

CodeCache: size=245760Kb used=16567Kb max_used=16567Kb free=229192Kb
 bounds [0x0000000002c10000, 0x0000000003c60000, 0x0000000011c10000]
 total_blobs=5013 nmethods=4489 adapters=436
 compilation: enabled

Compilation events (10 events):
Event: 28.059 Thread 0x0000000014de2800 nmethod 4995 0x0000000003c06650 code [0x0000000003c067a0, 0x0000000003c068d8]
Event: 28.082 Thread 0x0000000014de2800 5002   !   4       org.springframework.util.ReflectionUtils::doWithMethods (176 bytes)
Event: 28.150 Thread 0x0000000014deb800 5004       3       org.springframework.beans.factory.support.AbstractAutowireCapableBeanFactory::applyBeanPostProcessorsBeforeInstantiation (69 bytes)
Event: 28.150 Thread 0x0000000014deb800 nmethod 5004 0x0000000003c07f90 code [0x0000000003c08160, 0x0000000003c08ab8]
Event: 28.151 Thread 0x0000000014deb800 5005       1       org.springframework.beans.factory.support.AbstractAutowireCapableBeanFactory::getInstantiationStrategy (5 bytes)
Event: 28.151 Thread 0x0000000014deb800 nmethod 5005 0x0000000003c07cd0 code [0x0000000003c07e20, 0x0000000003c07f30]
Event: 28.152 Thread 0x0000000014deb800 5006       3       org.springframework.beans.ExtendedBeanInfo::isCandidateWriteMethod (88 bytes)
Event: 28.154 Thread 0x0000000014deb800 nmethod 5006 0x0000000003c2d410 code [0x0000000003c2d600, 0x0000000003c2e328]
Event: 28.165 Thread 0x0000000014deb800 5007       1       org.springframework.beans.factory.annotation.AutowiredAnnotationBeanPostProcessor::access$100 (5 bytes)
Event: 28.165 Thread 0x0000000014deb800 nmethod 5007 0x0000000003c07a10 code [0x0000000003c07b60, 0x0000000003c07c50]

GC Heap History (10 events):
Event: 4.546 GC heap before
{Heap before GC invocations=9 (full 1):
 PSYoungGen      total 65024K, used 58368K [0x00000000ed900000, 0x00000000f5800000, 0x0000000100000000)
  eden space 58368K, 100% used [0x00000000ed900000,0x00000000f1200000,0x00000000f1200000)
  from space 6656K, 0% used [0x00000000f1200000,0x00000000f1200000,0x00000000f1880000)
  to   space 6656K, 0% used [0x00000000f5180000,0x00000000f5180000,0x00000000f5800000)
 ParOldGen       total 29184K, used 7771K [0x00000000c8a00000, 0x00000000ca680000, 0x00000000ed900000)
  object space 29184K, 26% used [0x00000000c8a00000,0x00000000c9196e20,0x00000000ca680000)
 Metaspace       used 23311K, capacity 24034K, committed 24240K, reserved 1071104K
  class space    used 2981K, capacity 3167K, committed 3248K, reserved 1048576K
Event: 4.553 GC heap after
Heap after GC invocations=9 (full 1):
 PSYoungGen      total 107520K, used 3381K [0x00000000ed900000, 0x00000000f5500000, 0x0000000100000000)
  eden space 103936K, 0% used [0x00000000ed900000,0x00000000ed900000,0x00000000f3e80000)
  from space 3584K, 94% used [0x00000000f5180000,0x00000000f54cd460,0x00000000f5500000)
  to   space 6656K, 0% used [0x00000000f4800000,0x00000000f4800000,0x00000000f4e80000)
 ParOldGen       total 29184K, used 7771K [0x00000000c8a00000, 0x00000000ca680000, 0x00000000ed900000)
  object space 29184K, 26% used [0x00000000c8a00000,0x00000000c9196e20,0x00000000ca680000)
 Metaspace       used 23311K, capacity 24034K, committed 24240K, reserved 1071104K
  class space    used 2981K, capacity 3167K, committed 3248K, reserved 1048576K
}
Event: 9.016 GC heap before
{Heap before GC invocations=10 (full 1):
 PSYoungGen      total 107520K, used 107317K [0x00000000ed900000, 0x00000000f5500000, 0x0000000100000000)
  eden space 103936K, 100% used [0x00000000ed900000,0x00000000f3e80000,0x00000000f3e80000)
  from space 3584K, 94% used [0x00000000f5180000,0x00000000f54cd460,0x00000000f5500000)
  to   space 6656K, 0% used [0x00000000f4800000,0x00000000f4800000,0x00000000f4e80000)
 ParOldGen       total 29184K, used 7771K [0x00000000c8a00000, 0x00000000ca680000, 0x00000000ed900000)
  object space 29184K, 26% used [0x00000000c8a00000,0x00000000c9196e20,0x00000000ca680000)
 Metaspace       used 31286K, capacity 32888K, committed 33072K, reserved 1077248K
  class space    used 4072K, capacity 4352K, committed 4400K, reserved 1048576K
Event: 9.038 GC heap after
Heap after GC invocations=10 (full 1):
 PSYoungGen      total 120320K, used 6624K [0x00000000ed900000, 0x00000000f7e80000, 0x0000000100000000)
  eden space 113664K, 0% used [0x00000000ed900000,0x00000000ed900000,0x00000000f4800000)
  from space 6656K, 99% used [0x00000000f4800000,0x00000000f4e78020,0x00000000f4e80000)
  to   space 9728K, 0% used [0x00000000f7500000,0x00000000f7500000,0x00000000f7e80000)
 ParOldGen       total 29184K, used 14009K [0x00000000c8a00000, 0x00000000ca680000, 0x00000000ed900000)
  object space 29184K, 48% used [0x00000000c8a00000,0x00000000c97ae5d0,0x00000000ca680000)
 Metaspace       used 31286K, capacity 32888K, committed 33072K, reserved 1077248K
  class space    used 4072K, capacity 4352K, committed 4400K, reserved 1048576K
}
Event: 10.183 GC heap before
{Heap before GC invocations=11 (full 1):
 PSYoungGen      total 120320K, used 66886K [0x00000000ed900000, 0x00000000f7e80000, 0x0000000100000000)
  eden space 113664K, 53% used [0x00000000ed900000,0x00000000f13d97f8,0x00000000f4800000)
  from space 6656K, 99% used [0x00000000f4800000,0x00000000f4e78020,0x00000000f4e80000)
  to   space 9728K, 0% used [0x00000000f7500000,0x00000000f7500000,0x00000000f7e80000)
 ParOldGen       total 29184K, used 14009K [0x00000000c8a00000, 0x00000000ca680000, 0x00000000ed900000)
  object space 29184K, 48% used [0x00000000c8a00000,0x00000000c97ae5d0,0x00000000ca680000)
 Metaspace       used 33818K, capacity 35408K, committed 35496K, reserved 1081344K
  class space    used 4340K, capacity 4626K, committed 4656K, reserved 1048576K
Event: 10.200 GC heap after
Heap after GC invocations=11 (full 1):
 PSYoungGen      total 158720K, used 8901K [0x00000000ed900000, 0x00000000f8c00000, 0x0000000100000000)
  eden space 148992K, 0% used [0x00000000ed900000,0x00000000ed900000,0x00000000f6a80000)
  from space 9728K, 91% used [0x00000000f7500000,0x00000000f7db14f8,0x00000000f7e80000)
  to   space 10752K, 0% used [0x00000000f6a80000,0x00000000f6a80000,0x00000000f7500000)
 ParOldGen       total 29184K, used 15185K [0x00000000c8a00000, 0x00000000ca680000, 0x00000000ed900000)
  object space 29184K, 52% used [0x00000000c8a00000,0x00000000c98d45e0,0x00000000ca680000)
 Metaspace       used 33818K, capacity 35408K, committed 35496K, reserved 1081344K
  class space    used 4340K, capacity 4626K, committed 4656K, reserved 1048576K
}
Event: 10.200 GC heap before
{Heap before GC invocations=12 (full 2):
 PSYoungGen      total 158720K, used 8901K [0x00000000ed900000, 0x00000000f8c00000, 0x0000000100000000)
  eden space 148992K, 0% used [0x00000000ed900000,0x00000000ed900000,0x00000000f6a80000)
  from space 9728K, 91% used [0x00000000f7500000,0x00000000f7db14f8,0x00000000f7e80000)
  to   space 10752K, 0% used [0x00000000f6a80000,0x00000000f6a80000,0x00000000f7500000)
 ParOldGen       total 29184K, used 15185K [0x00000000c8a00000, 0x00000000ca680000, 0x00000000ed900000)
  object space 29184K, 52% used [0x00000000c8a00000,0x00000000c98d45e0,0x00000000ca680000)
 Metaspace       used 33818K, capacity 35408K, committed 35496K, reserved 1081344K
  class space    used 4340K, capacity 4626K, committed 4656K, reserved 1048576K
Event: 10.391 GC heap after
Heap after GC invocations=12 (full 2):
 PSYoungGen      total 158720K, used 0K [0x00000000ed900000, 0x00000000f8c00000, 0x0000000100000000)
  eden space 148992K, 0% used [0x00000000ed900000,0x00000000ed900000,0x00000000f6a80000)
  from space 9728K, 0% used [0x00000000f7500000,0x00000000f7500000,0x00000000f7e80000)
  to   space 10752K, 0% used [0x00000000f6a80000,0x00000000f6a80000,0x00000000f7500000)
 ParOldGen       total 45568K, used 14932K [0x00000000c8a00000, 0x00000000cb680000, 0x00000000ed900000)
  object space 45568K, 32% used [0x00000000c8a00000,0x00000000c9895150,0x00000000cb680000)
 Metaspace       used 33818K, capacity 35408K, committed 35496K, reserved 1081344K
  class space    used 4340K, capacity 4626K, committed 4656K, reserved 1048576K
}
Event: 24.719 GC heap before
{Heap before GC invocations=13 (full 2):
 PSYoungGen      total 158720K, used 148992K [0x00000000ed900000, 0x00000000f8c00000, 0x0000000100000000)
  eden space 148992K, 100% used [0x00000000ed900000,0x00000000f6a80000,0x00000000f6a80000)
  from space 9728K, 0% used [0x00000000f7500000,0x00000000f7500000,0x00000000f7e80000)
  to   space 10752K, 0% used [0x00000000f6a80000,0x00000000f6a80000,0x00000000f7500000)
 ParOldGen       total 45568K, used 14932K [0x00000000c8a00000, 0x00000000cb680000, 0x00000000ed900000)
  object space 45568K, 32% used [0x00000000c8a00000,0x00000000c9895150,0x00000000cb680000)
 Metaspace       used 48583K, capacity 50346K, committed 50736K, reserved 1093632K
  class space    used 6505K, capacity 6847K, committed 6960K, reserved 1048576K
Event: 24.776 GC heap after
Heap after GC invocations=13 (full 2):
 PSYoungGen      total 159744K, used 10721K [0x00000000ed900000, 0x00000000fb580000, 0x0000000100000000)
  eden space 148992K, 0% used [0x00000000ed900000,0x00000000ed900000,0x00000000f6a80000)
  from space 10752K, 99% used [0x00000000f6a80000,0x00000000f74f86b8,0x00000000f7500000)
  to   space 14336K, 0% used [0x00000000fa780000,0x00000000fa780000,0x00000000fb580000)
 ParOldGen       total 45568K, used 20680K [0x00000000c8a00000, 0x00000000cb680000, 0x00000000ed900000)
  object space 45568K, 45% used [0x00000000c8a00000,0x00000000c9e320e8,0x00000000cb680000)
 Metaspace       used 48583K, capacity 50346K, committed 50736K, reserved 1093632K
  class space    used 6505K, capacity 6847K, committed 6960K, reserved 1048576K
}

Deoptimization events (10 events):
Event: 26.710 Thread 0x0000000002b17000 Uncommon trap: reason=class_check action=maybe_recompile pc=0x00000000039648e0 method=org.springframework.asm.ClassReader.readCode(Lorg/springframework/asm/MethodVisitor;Lorg/springframework/asm/Context;I)V @ 3852
Event: 26.710 Thread 0x0000000002b17000 Uncommon trap: reason=class_check action=maybe_recompile pc=0x00000000039648e0 method=org.springframework.asm.ClassReader.readCode(Lorg/springframework/asm/MethodVisitor;Lorg/springframework/asm/Context;I)V @ 3852
Event: 26.710 Thread 0x0000000002b17000 Uncommon trap: reason=predicate action=maybe_recompile pc=0x0000000003965b0c method=org.springframework.asm.ClassReader.readCode(Lorg/springframework/asm/MethodVisitor;Lorg/springframework/asm/Context;I)V @ 1420
Event: 26.813 Thread 0x0000000002b17000 Uncommon trap: reason=null_check action=make_not_entrant pc=0x0000000003ba4880 method=org.springframework.core.annotation.AnnotatedElementUtils.searchWithGetSemanticsInAnnotations(Ljava/lang/reflect/AnnotatedElement;Ljava/util/List;Ljava/util/Set;Ljava/la
Event: 26.944 Thread 0x0000000002b17000 Uncommon trap: reason=class_check action=maybe_recompile pc=0x0000000003bdb4c4 method=org.springframework.beans.factory.support.AbstractBeanFactory.isTypeMatch(Ljava/lang/String;Lorg/springframework/core/ResolvableType;)Z @ 47
Event: 26.945 Thread 0x0000000002b17000 Uncommon trap: reason=class_check action=maybe_recompile pc=0x0000000003bdb4c4 method=org.springframework.beans.factory.support.AbstractBeanFactory.isTypeMatch(Ljava/lang/String;Lorg/springframework/core/ResolvableType;)Z @ 47
Event: 26.945 Thread 0x0000000002b17000 Uncommon trap: reason=class_check action=maybe_recompile pc=0x0000000003bdb4c4 method=org.springframework.beans.factory.support.AbstractBeanFactory.isTypeMatch(Ljava/lang/String;Lorg/springframework/core/ResolvableType;)Z @ 47
Event: 26.945 Thread 0x0000000002b17000 Uncommon trap: reason=class_check action=maybe_recompile pc=0x0000000003bdb4c4 method=org.springframework.beans.factory.support.AbstractBeanFactory.isTypeMatch(Ljava/lang/String;Lorg/springframework/core/ResolvableType;)Z @ 47
Event: 27.858 Thread 0x0000000002b17000 Uncommon trap: reason=unstable_if action=reinterpret pc=0x0000000003743d80 method=org.springframework.aop.framework.autoproxy.AbstractAutoProxyCreator.predictBeanType(Ljava/lang/Class;Ljava/lang/String;)Ljava/lang/Class; @ 9
Event: 27.862 Thread 0x0000000002b17000 Uncommon trap: reason=unstable_if action=reinterpret pc=0x00000000036e413c method=org.springframework.beans.factory.support.AbstractAutowireCapableBeanFactory.predictBeanType(Ljava/lang/String;Lorg/springframework/beans/factory/support/RootBeanDefinition;

Classes redefined (0 events):
No events

Internal exceptions (10 events):
Event: 28.154 Thread 0x0000000002b17000 Exception <a 'java/lang/ClassNotFoundException': java/lang/ObjectCustomizer> (0x00000000f3759e70) thrown at [C:\re\workspace\8-2-build-windows-amd64-cygwin\jdk8u221\13320\hotspot\src\share\vm\classfile\systemDictionary.cpp, line 210]
Event: 28.155 Thread 0x0000000002b17000 Exception <a 'java/lang/ClassNotFoundException': org/springframework/security/config/annotation/web/configuration/WebSecurityConfigurationCustomizer> (0x00000000f37811b0) thrown at [C:\re\workspace\8-2-build-windows-amd64-cygwin\jdk8u221\13320\hotspot\src
Event: 28.157 Thread 0x0000000002b17000 Exception <a 'java/lang/ClassNotFoundException': org/springframework/security/config/annotation/web/configuration/WebSecurityConfiguration$$EnhancerBySpringCGLIB$$3927be5fCustomizer> (0x00000000f37b9e50) thrown at [C:\re\workspace\8-2-build-windows-amd64-
Event: 28.158 Thread 0x0000000002b17000 Exception <a 'java/lang/ClassNotFoundException': org/springframework/context/annotation/ConfigurationClassEnhancer$EnhancedConfigurationCustomizer> (0x00000000f37e8ce8) thrown at [C:\re\workspace\8-2-build-windows-amd64-cygwin\jdk8u221\13320\hotspot\src\s
Event: 28.159 Thread 0x0000000002b17000 Exception <a 'java/lang/ClassNotFoundException': org/springframework/beans/factory/BeanFactoryAwareCustomizer> (0x00000000f38017a8) thrown at [C:\re\workspace\8-2-build-windows-amd64-cygwin\jdk8u221\13320\hotspot\src\share\vm\classfile\systemDictionary.cp
Event: 28.160 Thread 0x0000000002b17000 Exception <a 'java/lang/ClassNotFoundException': org/springframework/beans/factory/AwareCustomizer> (0x00000000f3818278) thrown at [C:\re\workspace\8-2-build-windows-amd64-cygwin\jdk8u221\13320\hotspot\src\share\vm\classfile\systemDictionary.cpp, line 210
Event: 28.160 Thread 0x0000000002b17000 Exception <a 'java/lang/ClassNotFoundException': org/springframework/context/annotation/ImportAwareCustomizer> (0x00000000f3830bd8) thrown at [C:\re\workspace\8-2-build-windows-amd64-cygwin\jdk8u221\13320\hotspot\src\share\vm\classfile\systemDictionary.cp
Event: 28.161 Thread 0x0000000002b17000 Exception <a 'java/lang/ClassNotFoundException': org/springframework/beans/factory/AwareCustomizer> (0x00000000f3847290) thrown at [C:\re\workspace\8-2-build-windows-amd64-cygwin\jdk8u221\13320\hotspot\src\share\vm\classfile\systemDictionary.cpp, line 210
Event: 28.162 Thread 0x0000000002b17000 Exception <a 'java/lang/ClassNotFoundException': org/springframework/beans/factory/BeanClassLoaderAwareCustomizer> (0x00000000f3860d70) thrown at [C:\re\workspace\8-2-build-windows-amd64-cygwin\jdk8u221\13320\hotspot\src\share\vm\classfile\systemDictionar
Event: 28.163 Thread 0x0000000002b17000 Exception <a 'java/lang/ClassNotFoundException': org/springframework/beans/factory/AwareCustomizer> (0x00000000f3877308) thrown at [C:\re\workspace\8-2-build-windows-amd64-cygwin\jdk8u221\13320\hotspot\src\share\vm\classfile\systemDictionary.cpp, line 210

Events (10 events):
Event: 28.178 loading class org/springframework/expression/spel/ast/OpAnd
Event: 28.178 loading class org/springframework/expression/spel/ast/OpAnd done
Event: 28.178 loading class org/springframework/expression/spel/ast/OpMultiply
Event: 28.178 loading class org/springframework/expression/spel/ast/OpMultiply done
Event: 28.179 loading class org/springframework/expression/spel/ast/OpDivide
Event: 28.179 loading class org/springframework/expression/spel/ast/OpDivide done
Event: 28.180 loading class org/springframework/expression/spel/ast/OpModulus
Event: 28.180 loading class org/springframework/expression/spel/ast/OpModulus done
Event: 28.180 loading class org/springframework/expression/spel/ast/OperatorPower
Event: 28.180 loading class org/springframework/expression/spel/ast/OperatorPower done


Dynamic libraries:
0x00007ff727c10000 - 0x00007ff727c47000 	C:\Program Files\Java\jdk1.8.0_221\bin\javaw.exe
0x00007ffac2980000 - 0x00007ffac2b70000 	C:\WINDOWS\SYSTEM32\ntdll.dll
0x00007ffac1490000 - 0x00007ffac1542000 	C:\WINDOWS\System32\KERNEL32.DLL
0x00007ffabf940000 - 0x00007ffabfbe3000 	C:\WINDOWS\System32\KERNELBASE.dll
0x00007ffac2790000 - 0x00007ffac2833000 	C:\WINDOWS\System32\ADVAPI32.dll
0x00007ffac17e0000 - 0x00007ffac187e000 	C:\WINDOWS\System32\msvcrt.dll
0x00007ffac0a30000 - 0x00007ffac0ac7000 	C:\WINDOWS\System32\sechost.dll
0x00007ffac2500000 - 0x00007ffac2620000 	C:\WINDOWS\System32\RPCRT4.dll
0x00007ffac0be0000 - 0x00007ffac0d73000 	C:\WINDOWS\System32\USER32.dll
0x00007ffabfc70000 - 0x00007ffabfc91000 	C:\WINDOWS\System32\win32u.dll
0x00007ffac1880000 - 0x00007ffac18a6000 	C:\WINDOWS\System32\GDI32.dll
0x00007ffac0890000 - 0x00007ffac0a24000 	C:\WINDOWS\System32\gdi32full.dll
0x00007ffac07f0000 - 0x00007ffac088e000 	C:\WINDOWS\System32\msvcp_win.dll
0x00007ffabff50000 - 0x00007ffac004a000 	C:\WINDOWS\System32\ucrtbase.dll
0x00007ffabec60000 - 0x00007ffabeee5000 	C:\WINDOWS\WinSxS\amd64_microsoft.windows.common-controls_6595b64144ccf1df_6.0.18362.356_none_e6c4af7d130f27cc\COMCTL32.dll
0x00007ffac2000000 - 0x00007ffac2336000 	C:\WINDOWS\System32\combase.dll
0x00007ffabfbf0000 - 0x00007ffabfc70000 	C:\WINDOWS\System32\bcryptPrimitives.dll
0x00007ffac2620000 - 0x00007ffac264e000 	C:\WINDOWS\System32\IMM32.DLL
0x000000006a8a0000 - 0x000000006a972000 	C:\Program Files\Java\jdk1.8.0_221\jre\bin\msvcr100.dll
0x0000000069500000 - 0x0000000069da5000 	C:\Program Files\Java\jdk1.8.0_221\jre\bin\server\jvm.dll
0x00007ffac2480000 - 0x00007ffac2488000 	C:\WINDOWS\System32\PSAPI.DLL
0x00007ffaac220000 - 0x00007ffaac229000 	C:\WINDOWS\SYSTEM32\WSOCK32.dll
0x00007ffac1350000 - 0x00007ffac13bf000 	C:\WINDOWS\System32\WS2_32.dll
0x00007ffabbdc0000 - 0x00007ffabbde4000 	C:\WINDOWS\SYSTEM32\WINMM.dll
0x00007ffab0340000 - 0x00007ffab034a000 	C:\WINDOWS\SYSTEM32\VERSION.dll
0x00007ffabbd90000 - 0x00007ffabbdbd000 	C:\WINDOWS\SYSTEM32\WINMMBASE.dll
0x00007ffabfd50000 - 0x00007ffabfd9a000 	C:\WINDOWS\System32\cfgmgr32.dll
0x00007ffabdae0000 - 0x00007ffabdaef000 	C:\Program Files\Java\jdk1.8.0_221\jre\bin\verify.dll
0x00007ffabd8e0000 - 0x00007ffabd909000 	C:\Program Files\Java\jdk1.8.0_221\jre\bin\java.dll
0x00007ffabd880000 - 0x00007ffabd896000 	C:\Program Files\Java\jdk1.8.0_221\jre\bin\zip.dll
0x00007ffac1910000 - 0x00007ffac1ff5000 	C:\WINDOWS\System32\SHELL32.dll
0x00007ffac0b30000 - 0x00007ffac0bd9000 	C:\WINDOWS\System32\shcore.dll
0x00007ffac0070000 - 0x00007ffac07ee000 	C:\WINDOWS\System32\windows.storage.dll
0x00007ffabf8f0000 - 0x00007ffabf90f000 	C:\WINDOWS\System32\profapi.dll
0x00007ffabf8a0000 - 0x00007ffabf8ea000 	C:\WINDOWS\System32\powrprof.dll
0x00007ffabf850000 - 0x00007ffabf860000 	C:\WINDOWS\System32\UMPDC.dll
0x00007ffac18b0000 - 0x00007ffac1902000 	C:\WINDOWS\System32\shlwapi.dll
0x00007ffabf860000 - 0x00007ffabf871000 	C:\WINDOWS\System32\kernel.appcore.dll
0x00007ffac0050000 - 0x00007ffac0067000 	C:\WINDOWS\System32\cryptsp.dll
0x00007ffabd970000 - 0x00007ffabd97d000 	C:\Program Files\Java\jdk1.8.0_221\jre\bin\management.dll
0x00007ffabd6a0000 - 0x00007ffabd6ba000 	C:\Program Files\Java\jdk1.8.0_221\jre\bin\net.dll
0x00007ffab0aa0000 - 0x00007ffab0c76000 	C:\WINDOWS\SYSTEM32\urlmon.dll
0x00007ffab1550000 - 0x00007ffab17f6000 	C:\WINDOWS\SYSTEM32\iertutil.dll
0x00007ffabebb0000 - 0x00007ffabebbc000 	C:\WINDOWS\SYSTEM32\CRYPTBASE.DLL
0x00007ffabe9e0000 - 0x00007ffabea47000 	C:\WINDOWS\system32\mswsock.dll
0x00007ffaadca0000 - 0x00007ffaadcb6000 	C:\WINDOWS\system32\napinsp.dll
0x00007ffaadc80000 - 0x00007ffaadc9a000 	C:\WINDOWS\system32\pnrpnsp.dll
0x00007ffaadc60000 - 0x00007ffaadc75000 	C:\WINDOWS\system32\wshbth.dll
0x00007ffabb290000 - 0x00007ffabb2ac000 	C:\WINDOWS\system32\NLAapi.dll
0x00007ffabe6f0000 - 0x00007ffabe72a000 	C:\WINDOWS\SYSTEM32\IPHLPAPI.DLL
0x00007ffabe730000 - 0x00007ffabe7fa000 	C:\WINDOWS\SYSTEM32\DNSAPI.dll
0x00007ffac2780000 - 0x00007ffac2788000 	C:\WINDOWS\System32\NSI.dll
0x00007ffaadc50000 - 0x00007ffaadc5e000 	C:\WINDOWS\System32\winrnr.dll
0x00007ffab5690000 - 0x00007ffab569a000 	C:\Windows\System32\rasadhlp.dll
0x00007ffab5df0000 - 0x00007ffab5e67000 	C:\WINDOWS\System32\fwpuclnt.dll
0x00007ffabf910000 - 0x00007ffabf936000 	C:\WINDOWS\System32\bcrypt.dll
0x00007ffabd660000 - 0x00007ffabd672000 	C:\Program Files\Java\jdk1.8.0_221\jre\bin\nio.dll
0x00007ffabe2e0000 - 0x00007ffabe313000 	C:\WINDOWS\system32\rsaenh.dll
0x00007ffabf740000 - 0x00007ffabf765000 	C:\WINDOWS\SYSTEM32\USERENV.dll
0x00007ffab5ff0000 - 0x00007ffab6006000 	C:\WINDOWS\SYSTEM32\dhcpcsvc6.DLL
0x00007ffab5fd0000 - 0x00007ffab5fec000 	C:\WINDOWS\SYSTEM32\dhcpcsvc.DLL
0x00007ffabf310000 - 0x00007ffabf504000 	C:\WINDOWS\SYSTEM32\dbghelp.dll

VM Arguments:
jvm_args: -Dfile.encoding=UTF-8 
java_command: br.com.bandtec.bora.bora.BoraApplication
java_class_path (initial): C:\Users\GUILHERMEBERNARDOMUN\Documents\Guilherme\BandTec\3º - Semestre\Pesquisa e Inovação\Projetos\bora-backend\target\classes;C:\Users\GUILHERMEBERNARDOMUN\.m2\repository\org\springframework\boot\spring-boot-starter-thymeleaf\2.1.8.RELEASE\spring-boot-starter-thymeleaf-2.1.8.RELEASE.jar;C:\Users\GUILHERMEBERNARDOMUN\.m2\repository\org\springframework\boot\spring-boot-starter\2.1.8.RELEASE\spring-boot-starter-2.1.8.RELEASE.jar;C:\Users\GUILHERMEBERNARDOMUN\.m2\repository\org\springframework\boot\spring-boot\2.1.8.RELEASE\spring-boot-2.1.8.RELEASE.jar;C:\Users\GUILHERMEBERNARDOMUN\.m2\repository\org\springframework\boot\spring-boot-autoconfigure\2.1.8.RELEASE\spring-boot-autoconfigure-2.1.8.RELEASE.jar;C:\Users\GUILHERMEBERNARDOMUN\.m2\repository\org\springframework\boot\spring-boot-starter-logging\2.1.8.RELEASE\spring-boot-starter-logging-2.1.8.RELEASE.jar;C:\Users\GUILHERMEBERNARDOMUN\.m2\repository\ch\qos\logback\logback-classic\1.2.3\logback-classic-1.2.3.jar;C:\Users\GUILHERMEBERNARDOMUN\.m2\repository\ch\qos\logback\logback-core\1.2.3\logback-core-1.2.3.jar;C:\Users\GUILHERMEBERNARDOMUN\.m2\repository\org\apache\logging\log4j\log4j-to-slf4j\2.11.2\log4j-to-slf4j-2.11.2.jar;C:\Users\GUILHERMEBERNARDOMUN\.m2\repository\org\apache\logging\log4j\log4j-api\2.11.2\log4j-api-2.11.2.jar;C:\Users\GUILHERMEBERNARDOMUN\.m2\repository\org\slf4j\jul-to-slf4j\1.7.28\jul-to-slf4j-1.7.28.jar;C:\Users\GUILHERMEBERNARDOMUN\.m2\repository\javax\annotation\javax.annotation-api\1.3.2\javax.annotation-api-1.3.2.jar;C:\Users\GUILHERMEBERNARDOMUN\.m2\repository\org\yaml\snakeyaml\1.23\snakeyaml-1.23.jar;C:\Users\GUILHERMEBERNARDOMUN\.m2\repository\org\thymeleaf\thymeleaf-spring5\3.0.11.RELEASE\thymeleaf-spring5-3.0.11.RELEASE.jar;C:\Users\GUILHERMEBERNARDOMUN\.m2\repository\org\thymeleaf\thymeleaf\3.0.11.RELEASE\thymeleaf-3.0.11.RELEASE.jar;C:\Users\GUILHERMEBERNARDOMUN\.m2\repository\org\attoparser\attoparser\2.0.5.RELEASE\attoparser-2.0.5.RELEASE.jar;C
Launcher Type: SUN_STANDARD

Environment Variables:
JAVA_HOME=C:\Program Files\Java\jdk1.8.0_221
CLASSPATH=;C:\Program Files\Java\jdk1.8.0_221\lib;C:\Program Files\Java\jdk1.8.0_221\lib\tools.jar;C:\Program Files\Java\jdk1.8.0_221\lib\dt.jar;
PATH=C:/Program Files/Java/jre1.8.0_221/bin/server;C:/Program Files/Java/jre1.8.0_221/bin;C:/Program Files/Java/jre1.8.0_221/lib/amd64;C:\ProgramData\DockerDesktop\version-bin;C:\Program Files\Docker\Docker\Resources\bin;C:\Ruby26-x64\bin;C:\Program Files (x86)\Common Files\Oracle\Java\javapath;C:\WINDOWS\system32;C:\WINDOWS;C:\WINDOWS\System32\Wbem;C:\WINDOWS\System32\WindowsPowerShell\v1.0\;C:\WINDOWS\System32\OpenSSH\;C:\Program Files\Git\cmd;C:\Program Files\nodejs\;C:\Program Files\Java\jdk1.8.0_221\bin;C:\Program Files (x86)\Yarn\bin\;C:\Users\GUILHERMEBERNARDOMUN\AppData\Local\Programs\Python\Python37-32\Scripts\;C:\Users\GUILHERMEBERNARDOMUN\AppData\Local\Programs\Python\Python37-32;C:\ProgramData\chocolatey\bin;C:\Program Files\PowerShell\6\;C:\Users\GUILHERMEBERNARDOMUN\AppData\Local\Programs\Python\Python37-32\Scripts\;C:\Users\GUILHERMEBERNARDOMUN\AppData\Local\Programs\Python\Python37-32\;C:\Users\GUILHERMEBERNARDOMUN\AppData\Local\Microsoft\WindowsApps;C:\Users\GUILHERMEBERNARDOMUN\AppData\Local\Programs\Microsoft VS Code\bin;C:\Users\GUILHERMEBERNARDOMUN\AppData\Roaming\npm;C:\Users\GUILHERMEBERNARDOMUN\AppData\Local\Yarn\bin;C:\Program Files\heroku\bin;C:\Users\GUILHERMEBERNARDOMUN\AppData\Local\Google\Cloud SDK\google-cloud-sdk\bin;C:\Users\GUILHERMEBERNARDOMUN\AppData\Local\.meteor\;C:\Program Files\JetBrains\IntelliJ IDEA 2019.2.2\bin;;C:\Users\GUILHERMEBERNARDOMUN\Desktop;
USERNAME=GUILHERMEBERNARDOMUN
OS=Windows_NT
PROCESSOR_IDENTIFIER=Intel64 Family 6 Model 58 Stepping 9, GenuineIntel



---------------  S Y S T E M  ---------------

OS: Windows 10.0 , 64 bit Build 18362 (10.0.18362.329)

CPU:total 4 (initial active 4) (2 cores per cpu, 2 threads per core) family 6 model 58 stepping 9, cmov, cx8, fxsr, mmx, sse, sse2, sse3, ssse3, sse4.1, sse4.2, popcnt, avx, aes, clmul, erms, ht, tsc, tscinvbit, tscinv

Memory: 4k page, physical 3627148k(354328k free), swap 7166092k(2159660k free)

vm_info: Java HotSpot(TM) 64-Bit Server VM (25.221-b11) for windows-amd64 JRE (1.8.0_221-b11), built on Jul  4 2019 04:39:29 by "java_re" with MS VC++ 10.0 (VS2010)

time: Sun Sep 22 16:40:03 2019
timezone: Hora oficial do Brasil
elapsed time: 28 seconds (0d 0h 0m 28s)

